<?xml version="1.0" encoding="UTF-8"?>
<!-- Generated by org.testng.reporters.JUnitXMLReporter -->
<testsuite hostname="zcm" name="case1" tests="2" failures="1" timestamp="5 Nov 2017 03:57:02 GMT" time="14.42" errors="0">
  <testcase name="@AfterClass afterClass" time="0.0" classname="com.guoyasoft.FirstTestNGTestTest">
    <failure type="java.lang.NullPointerException">
      <![CDATA[java.lang.NullPointerException
	at com.guoyasoft.FirstTestNGTestTest.afterClass(FirstTestNGTestTest.java:46)
... Removed 24 stack frames]]>
    </failure>
  </testcase> <!-- @AfterClass afterClass -->
  <testcase name="testLogin" time="0.369" classname="com.guoyasoft.FirstTestNG"/>
  <testcase name="f" time="0.002" classname="com.guoyasoft.FirstTestNGTestTest">
    <failure type="java.lang.NullPointerException">
      <![CDATA[java.lang.NullPointerException
	at com.guoyasoft.FirstTestNGTestTest.f(FirstTestNGTestTest.java:17)
... Removed 24 stack frames]]>
    </failure>
  </testcase> <!-- f -->
</testsuite> <!-- case1 -->
